<?xml version="1.0" encoding="UTF-8"?>
<!-- Generated by org.testng.reporters.JUnitXMLReporter -->
<testsuite ignored="8" hostname="lap_dnare" failures="0" tests="1" name="Default test" time="51.145" errors="0" timestamp="2026-05-11T14:42:49 IST">
  <testcase classname="Test.inventoryModuleTests.masterTests.PurchaseOrderTest" name="validatePoNetAmount" time="32.589"/>
  <testcase classname="Test.inventoryModuleTests.masterTests.PurchaseOrderTest" name="validateMultiItemsAdditionInSinglePO" time="0.0">
    <ignored/>
  </testcase> <!-- validateMultiItemsAdditionInSinglePO -->
  <testcase classname="Test.inventoryModuleTests.masterTests.PurchaseOrderTest" name="validatePartyCodeForPartyDrop" time="0.0">
    <ignored/>
  </testcase> <!-- validatePartyCodeForPartyDrop -->
  <testcase classname="Test.inventoryModuleTests.masterTests.PurchaseOrderTest" name="verifyPartyDetailsFetchedCorrectlyInPO" time="0.0">
    <ignored/>
  </testcase> <!-- verifyPartyDetailsFetchedCorrectlyInPO -->
  <testcase classname="Test.inventoryModuleTests.masterTests.PurchaseOrderTest" name="validatePoGrossAmount" time="0.0">
    <ignored/>
  </testcase> <!-- validatePoGrossAmount -->
  <testcase classname="Test.inventoryModuleTests.masterTests.PurchaseOrderTest" name="validatePurchaseOrderCreation" time="0.0">
    <ignored/>
  </testcase> <!-- validatePurchaseOrderCreation -->
  <testcase classname="Test.inventoryModuleTests.masterTests.PurchaseOrderTest" name="validateUniquePONoGeneration" time="0.0">
    <ignored/>
  </testcase> <!-- validateUniquePONoGeneration -->
  <testcase classname="Test.inventoryModuleTests.masterTests.PurchaseOrderTest" name="validatePoUpdateFun" time="0.0">
    <ignored/>
  </testcase> <!-- validatePoUpdateFun -->
  <testcase classname="Test.inventoryModuleTests.masterTests.PurchaseOrderTest" name="validateDeactivityOfOtherFields" time="0.0">
    <ignored/>
  </testcase> <!-- validateDeactivityOfOtherFields -->
</testsuite> <!-- Default test -->
