<?xml version="1.0" encoding="UTF-8"?>
<testng-results ignored="8" total="9" passed="1" failed="0" skipped="0">
  <reporter-output>
  </reporter-output>
  <suite started-at="2026-05-11T14:41:58 IST" name="Default suite" finished-at="2026-05-11T14:42:49 IST" duration-ms="51145">
    <groups>
    </groups>
    <test started-at="2026-05-11T14:41:58 IST" name="Default test" finished-at="2026-05-11T14:42:49 IST" duration-ms="51145">
      <class name="Test.inventoryModuleTests.masterTests.PurchaseOrderTest">
        <test-method is-config="true" signature="basicSetting()[pri:0, instance:Test.inventoryModuleTests.masterTests.PurchaseOrderTest@2ca65ce4]" started-at="2026-05-11T14:41:58 IST" name="basicSetting" finished-at="2026-05-11T14:42:03 IST" duration-ms="4858" status="PASS">
          <reporter-output>
          </reporter-output>
        </test-method> <!-- basicSetting -->
        <test-method is-config="true" signature="objInitilization()[pri:0, instance:Test.inventoryModuleTests.masterTests.PurchaseOrderTest@2ca65ce4]" started-at="2026-05-11T14:42:03 IST" name="objInitilization" finished-at="2026-05-11T14:42:16 IST" duration-ms="13088" status="PASS">
          <reporter-output>
          </reporter-output>
        </test-method> <!-- objInitilization -->
        <test-method signature="validatePoNetAmount()[pri:0, instance:Test.inventoryModuleTests.masterTests.PurchaseOrderTest@2ca65ce4]" started-at="2026-05-11T14:42:16 IST" name="validatePoNetAmount" finished-at="2026-05-11T14:42:49 IST" duration-ms="32589" status="PASS">
          <reporter-output>
          </reporter-output>
        </test-method> <!-- validatePoNetAmount -->
        <test-method is-config="true" signature="tearDown()[pri:0, instance:Test.inventoryModuleTests.masterTests.PurchaseOrderTest@2ca65ce4]" started-at="2026-05-11T14:42:49 IST" name="tearDown" finished-at="2026-05-11T14:42:49 IST" duration-ms="383" status="PASS">
          <reporter-output>
          </reporter-output>
        </test-method> <!-- tearDown -->
      </class> <!-- Test.inventoryModuleTests.masterTests.PurchaseOrderTest -->
    </test> <!-- Default test -->
  </suite> <!-- Default suite -->
</testng-results>
