<?xml version="1.0" encoding="UTF-8"?>
<!-- Generated by org.testng.reporters.JUnitReportReporter -->
<testsuite hostname="lap_dnare" failures="0" tests="13" name="Test.inventoryModuleTests.transactionTests.GoodReceiptNoteTest" time="132.416" errors="0" timestamp="2026-05-14T17:57:18 IST" skipped="11">
  <testcase classname="Test.inventoryModuleTests.transactionTests.GoodReceiptNoteTest" name="validateGrnFlow1" time="67.666"/>
  <testcase classname="Test.inventoryModuleTests.transactionTests.GoodReceiptNoteTest" name="validateGrnFlow1" time="64.750"/>
  <testcase classname="Test.inventoryModuleTests.transactionTests.GoodReceiptNoteTest" name="validateResetButtonFunct">
    <skipped/>
  </testcase> <!-- validateResetButtonFunct -->
  <testcase classname="Test.inventoryModuleTests.transactionTests.GoodReceiptNoteTest" name="validatePoDataInGRNInfoTab">
    <skipped/>
  </testcase> <!-- validatePoDataInGRNInfoTab -->
  <testcase classname="Test.inventoryModuleTests.transactionTests.GoodReceiptNoteTest" name="validatePoNoAgainstVendor">
    <skipped/>
  </testcase> <!-- validatePoNoAgainstVendor -->
  <testcase classname="Test.inventoryModuleTests.transactionTests.GoodReceiptNoteTest" name="validateGRNNavigation">
    <skipped/>
  </testcase> <!-- validateGRNNavigation -->
  <testcase classname="Test.inventoryModuleTests.transactionTests.GoodReceiptNoteTest" name="validatePoDataInGRNDetailsTab">
    <skipped/>
  </testcase> <!-- validatePoDataInGRNDetailsTab -->
  <testcase classname="Test.inventoryModuleTests.transactionTests.GoodReceiptNoteTest" name="validateGrnNoGenAndUniqueGrnNoCreation">
    <skipped/>
  </testcase> <!-- validateGrnNoGenAndUniqueGrnNoCreation -->
  <testcase classname="Test.inventoryModuleTests.transactionTests.GoodReceiptNoteTest" name="validateBackButtonFuct">
    <skipped/>
  </testcase> <!-- validateBackButtonFuct -->
  <testcase classname="Test.inventoryModuleTests.transactionTests.GoodReceiptNoteTest" name="validateListingPageHeading">
    <skipped/>
  </testcase> <!-- validateListingPageHeading -->
  <testcase classname="Test.inventoryModuleTests.transactionTests.GoodReceiptNoteTest" name="validateLandedRateCaculations">
    <skipped/>
  </testcase> <!-- validateLandedRateCaculations -->
  <testcase classname="Test.inventoryModuleTests.transactionTests.GoodReceiptNoteTest" name="maxLimitForInputFields">
    <skipped/>
  </testcase> <!-- maxLimitForInputFields -->
  <testcase classname="Test.inventoryModuleTests.transactionTests.GoodReceiptNoteTest" name="validateFormLoading">
    <skipped/>
  </testcase> <!-- validateFormLoading -->
</testsuite> <!-- Test.inventoryModuleTests.transactionTests.GoodReceiptNoteTest -->
