<?xml version="1.0" encoding="UTF-8"?>
<!-- Generated by org.testng.reporters.JUnitReportReporter -->
<testsuite hostname="lap_dnare" failures="0" tests="9" name="Test.inventoryModuleTests.masterTests.PurchaseOrderTest" time="32.589" errors="0" timestamp="2026-05-11T14:42:49 IST" skipped="8">
  <testcase classname="Test.inventoryModuleTests.masterTests.PurchaseOrderTest" name="validatePoNetAmount" time="32.589"/>
  <testcase classname="Test.inventoryModuleTests.masterTests.PurchaseOrderTest" name="validateMultiItemsAdditionInSinglePO">
    <skipped/>
  </testcase> <!-- validateMultiItemsAdditionInSinglePO -->
  <testcase classname="Test.inventoryModuleTests.masterTests.PurchaseOrderTest" name="validatePartyCodeForPartyDrop">
    <skipped/>
  </testcase> <!-- validatePartyCodeForPartyDrop -->
  <testcase classname="Test.inventoryModuleTests.masterTests.PurchaseOrderTest" name="verifyPartyDetailsFetchedCorrectlyInPO">
    <skipped/>
  </testcase> <!-- verifyPartyDetailsFetchedCorrectlyInPO -->
  <testcase classname="Test.inventoryModuleTests.masterTests.PurchaseOrderTest" name="validatePoGrossAmount">
    <skipped/>
  </testcase> <!-- validatePoGrossAmount -->
  <testcase classname="Test.inventoryModuleTests.masterTests.PurchaseOrderTest" name="validatePurchaseOrderCreation">
    <skipped/>
  </testcase> <!-- validatePurchaseOrderCreation -->
  <testcase classname="Test.inventoryModuleTests.masterTests.PurchaseOrderTest" name="validateUniquePONoGeneration">
    <skipped/>
  </testcase> <!-- validateUniquePONoGeneration -->
  <testcase classname="Test.inventoryModuleTests.masterTests.PurchaseOrderTest" name="validatePoUpdateFun">
    <skipped/>
  </testcase> <!-- validatePoUpdateFun -->
  <testcase classname="Test.inventoryModuleTests.masterTests.PurchaseOrderTest" name="validateDeactivityOfOtherFields">
    <skipped/>
  </testcase> <!-- validateDeactivityOfOtherFields -->
</testsuite> <!-- Test.inventoryModuleTests.masterTests.PurchaseOrderTest -->
