<?xml version="1.0" encoding="UTF-8"?>
<!-- Generated by org.testng.reporters.JUnitReportReporter -->
<testsuite hostname="lap_dnare" failures="0" tests="10" name="Test.flowWiseTest.InventoryFlowTests" time="270.508" errors="0" timestamp="2026-05-05T12:28:22 IST" skipped="6">
  <testcase classname="Test.flowWiseTest.InventoryFlowTests" name="validatePurchaseOrderCreation" time="55.533"/>
  <testcase classname="Test.flowWiseTest.InventoryFlowTests" name="validateGRNCreation" time="86.378"/>
  <testcase classname="Test.flowWiseTest.InventoryFlowTests" name="validateGRNPosting" time="55.015"/>
  <testcase classname="Test.flowWiseTest.InventoryFlowTests" name="createPurchaseRutNote" time="73.582"/>
  <testcase classname="Test.flowWiseTest.InventoryFlowTests" name="executeFlowOfPRNPrintingRep">
    <skipped/>
  </testcase> <!-- executeFlowOfPRNPrintingRep -->
  <testcase classname="Test.flowWiseTest.InventoryFlowTests" name="executeFlowOfPurchaseOrderRep">
    <skipped/>
  </testcase> <!-- executeFlowOfPurchaseOrderRep -->
  <testcase classname="Test.flowWiseTest.InventoryFlowTests" name="executeFlowOfGRNPrintingRep">
    <skipped/>
  </testcase> <!-- executeFlowOfGRNPrintingRep -->
  <testcase classname="Test.flowWiseTest.InventoryFlowTests" name="validateAccPayableVoucherRep">
    <skipped/>
  </testcase> <!-- validateAccPayableVoucherRep -->
  <testcase classname="Test.flowWiseTest.InventoryFlowTests" name="executeFlowOfLedgerPrinting">
    <skipped/>
  </testcase> <!-- executeFlowOfLedgerPrinting -->
  <testcase classname="Test.flowWiseTest.InventoryFlowTests" name="executeFlowOfStockStatusRep">
    <skipped/>
  </testcase> <!-- executeFlowOfStockStatusRep -->
</testsuite> <!-- Test.flowWiseTest.InventoryFlowTests -->
