<?xml version="1.0" encoding="UTF-8"?>
<!-- Generated by org.testng.reporters.JUnitReportReporter -->
<testsuite hostname="lap_dnare" failures="0" tests="7" name="Test.salesModuleTests.transTest.MultiSaleOrderTest" time="40.049" errors="0" timestamp="2026-04-29T16:40:53 IST" skipped="6">
  <testcase classname="Test.salesModuleTests.transTest.MultiSaleOrderTest" name="validateMultiSaleOrderCReation" time="40.049"/>
  <testcase classname="Test.salesModuleTests.transTest.MultiSaleOrderTest" name="validatePartyBalnceAndFassai">
    <skipped/>
  </testcase> <!-- validatePartyBalnceAndFassai -->
  <testcase classname="Test.salesModuleTests.transTest.MultiSaleOrderTest" name="validateDocTypeField">
    <skipped/>
  </testcase> <!-- validateDocTypeField -->
  <testcase classname="Test.salesModuleTests.transTest.MultiSaleOrderTest" name="validatePartyDropSearchFun">
    <skipped/>
  </testcase> <!-- validatePartyDropSearchFun -->
  <testcase classname="Test.salesModuleTests.transTest.MultiSaleOrderTest" name="validatePartyMstActiveFieldStatus">
    <skipped/>
  </testcase> <!-- validatePartyMstActiveFieldStatus -->
  <testcase classname="Test.salesModuleTests.transTest.MultiSaleOrderTest" name="validateRouteWisePartyList">
    <skipped/>
  </testcase> <!-- validateRouteWisePartyList -->
  <testcase classname="Test.salesModuleTests.transTest.MultiSaleOrderTest" name="validateQuickSaveFun">
    <skipped/>
  </testcase> <!-- validateQuickSaveFun -->
</testsuite> <!-- Test.salesModuleTests.transTest.MultiSaleOrderTest -->
